0 info it worked if it ends with ok
1 verbose cli [ 'C:\\Program Files\\nodejs\\node.exe',
1 verbose cli   'C:\\Program Files\\nodejs\\node_modules\\npm\\bin\\npm-cli.js',
1 verbose cli   'start' ]
2 info using npm@3.8.6
3 info using node@v5.12.0
4 verbose run-script [ 'prestart', 'start', 'poststart' ]
5 info lifecycle Server@1.0.0~prestart: Server@1.0.0
6 silly lifecycle Server@1.0.0~prestart: no script for prestart, continuing
7 info lifecycle Server@1.0.0~start: Server@1.0.0
8 verbose lifecycle Server@1.0.0~start: unsafe-perm in lifecycle true
9 verbose lifecycle Server@1.0.0~start: PATH: C:\Users\Rob\AppData\Roaming\nvm\v5.12.0\node_modules\npm\bin\node-gyp-bin;C:\wamp64\www\websites\fe3-assessment-3\node_modules\.bin;C:\Program Files\nodejs;U:\bin;C:\Program Files\Git\mingw64\bin;C:\Program Files\Git\usr\local\bin;C:\Program Files\Git\usr\bin;C:\Program Files\Git\usr\bin;C:\Program Files\Git\mingw64\bin;C:\Program Files\Git\usr\bin;U:\bin;C:\ProgramData\Oracle\Java\javapath;C:\Windows\system32;C:\Windows;C:\Windows\System32\Wbem;C:\Windows\System32\WindowsPowerShell\v1.0;C:\wamp64\bin\php\php7.0.4;C:\wamp64\bin\mysql\mysql5.7.11\bin;C:\Users\Wesley\AppData\Roaming\npm;C:\ProgramData\ComposerSetup\bin;%NVM_HOME%;%NVM_SYMLINK%;C:\Program Files\Git\cmd;C:\ProgramData\Oracle\Java\javapath;C:\Windows\system32;C:\Windows;C:\Windows\System32\Wbem;C:\Windows\System32\WindowsPowerShell\v1.0;C:\Program Files\Git\cmd;C:\wamp64\bin\php\php7.0.4;C:\wamp64\bin\mysql\mysql5.7.11\bin;C:\Users\Wesley\AppData\Roaming\npm;C:\ProgramData\ComposerSetup\bin;C:\Exercism;C:\Users\Rob\AppData\Roaming\nvm;C:\Program Files\nodejs;C:\Program Files\Git\usr\bin\vendor_perl;C:\Program Files\Git\usr\bin\core_perl
10 verbose lifecycle Server@1.0.0~start: CWD: C:\wamp64\www\websites\fe3-assessment-3
11 silly lifecycle Server@1.0.0~start: Args: [ '/d /s /c', 'nodemon server.js' ]
12 silly lifecycle Server@1.0.0~start: Returned: code: 1  signal: null
13 info lifecycle Server@1.0.0~start: Failed to exec start script
14 verbose stack Error: Server@1.0.0 start: `nodemon server.js`
14 verbose stack Exit status 1
14 verbose stack     at EventEmitter.<anonymous> (C:\Users\Rob\AppData\Roaming\nvm\v5.12.0\node_modules\npm\lib\utils\lifecycle.js:239:16)
14 verbose stack     at emitTwo (events.js:100:13)
14 verbose stack     at EventEmitter.emit (events.js:185:7)
14 verbose stack     at ChildProcess.<anonymous> (C:\Users\Rob\AppData\Roaming\nvm\v5.12.0\node_modules\npm\lib\utils\spawn.js:24:14)
14 verbose stack     at emitTwo (events.js:100:13)
14 verbose stack     at ChildProcess.emit (events.js:185:7)
14 verbose stack     at maybeClose (internal/child_process.js:850:16)
14 verbose stack     at Process.ChildProcess._handle.onexit (internal/child_process.js:215:5)
15 verbose pkgid Server@1.0.0
16 verbose cwd C:\wamp64\www\websites\fe3-assessment-3
17 error Windows_NT 6.1.7601
18 error argv "C:\\Program Files\\nodejs\\node.exe" "C:\\Program Files\\nodejs\\node_modules\\npm\\bin\\npm-cli.js" "start"
19 error node v5.12.0
20 error npm  v3.8.6
21 error code ELIFECYCLE
22 error Server@1.0.0 start: `nodemon server.js`
22 error Exit status 1
23 error Failed at the Server@1.0.0 start script 'nodemon server.js'.
23 error Make sure you have the latest version of node.js and npm installed.
23 error If you do, this is most likely a problem with the Server package,
23 error not with npm itself.
23 error Tell the author that this fails on your system:
23 error     nodemon server.js
23 error You can get information on how to open an issue for this project with:
23 error     npm bugs Server
23 error Or if that isn't available, you can get their info via:
23 error     npm owner ls Server
23 error There is likely additional logging output above.
24 verbose exit [ 1, true ]
